0 info it worked if it ends with ok
1 verbose cli [ 'C:\\Program Files\\nodejs\\\\node.exe',
1 verbose cli   'C:\\Program Files\\nodejs\\node_modules\\npm\\bin\\npm-cli.js',
1 verbose cli   'install',
1 verbose cli   'handlebards' ]
2 info using npm@1.4.28
3 info using node@v0.10.34
4 verbose node symlink C:\Program Files\nodejs\\node.exe
5 warn package.json nodejs@1.0.0 No repository field.
6 warn package.json nodejs@1.0.0 No README data
7 verbose readDependencies using package.json deps
8 verbose cache add [ 'handlebards', null ]
9 verbose cache add name=undefined spec="handlebards" args=["handlebards",null]
10 verbose parsed url { protocol: null,
10 verbose parsed url   slashes: null,
10 verbose parsed url   auth: null,
10 verbose parsed url   host: null,
10 verbose parsed url   port: null,
10 verbose parsed url   hostname: null,
10 verbose parsed url   hash: null,
10 verbose parsed url   search: null,
10 verbose parsed url   query: null,
10 verbose parsed url   pathname: 'handlebards',
10 verbose parsed url   path: 'handlebards',
10 verbose parsed url   href: 'handlebards' }
11 silly lockFile 23529c0f-handlebards handlebards
12 verbose lock handlebards C:\Users\Administrator\AppData\Roaming\npm-cache\23529c0f-handlebards.lock
13 silly lockFile 23529c0f-handlebards handlebards
14 silly lockFile 23529c0f-handlebards handlebards
15 verbose addNamed [ 'handlebards', '' ]
16 verbose addNamed [ null, '*' ]
17 silly lockFile 895694da-handlebards handlebards@
18 verbose lock handlebards@ C:\Users\Administrator\AppData\Roaming\npm-cache\895694da-handlebards.lock
19 silly addNameRange { name: 'handlebards', range: '*', hasData: false }
20 verbose request where is /handlebards
21 verbose request registry https://registry.npmjs.org/
22 verbose request id d0963108e1b57782
23 verbose url raw /handlebards
24 verbose url resolving [ 'https://registry.npmjs.org/', './handlebards' ]
25 verbose url resolved https://registry.npmjs.org/handlebards
26 verbose request where is https://registry.npmjs.org/handlebards
27 info trying registry request attempt 1 at 11:04:39
28 http GET https://registry.npmjs.org/handlebards
29 http 404 https://registry.npmjs.org/handlebards
30 silly registry.get cb [ 404,
30 silly registry.get   { 'content-type': 'application/json',
30 silly registry.get     'cache-control': 'max-age=0',
30 silly registry.get     'content-length': '2',
30 silly registry.get     'accept-ranges': 'bytes',
30 silly registry.get     date: 'Tue, 08 Mar 2016 17:04:40 GMT',
30 silly registry.get     via: '1.1 varnish',
30 silly registry.get     age: '0',
30 silly registry.get     connection: 'keep-alive',
30 silly registry.get     'x-served-by': 'cache-iad2144-IAD',
30 silly registry.get     'x-cache': 'MISS',
30 silly registry.get     'x-cache-hits': '0',
30 silly registry.get     'x-timer': 'S1457456679.969327,VS0,VE102' } ]
31 silly lockFile 895694da-handlebards handlebards@
32 silly lockFile 895694da-handlebards handlebards@
33 error 404 Not Found
33 error 404
33 error 404 'handlebards' is not in the npm registry.
33 error 404 You should bug the author to publish it
33 error 404 It was specified as a dependency of 'nodejs'
33 error 404
33 error 404 Note that you can also install from a
33 error 404 tarball, folder, or http url, or git url.
34 error System Windows_NT 6.2.9200
35 error command "C:\\Program Files\\nodejs\\\\node.exe" "C:\\Program Files\\nodejs\\node_modules\\npm\\bin\\npm-cli.js" "install" "handlebards"
36 error cwd C:\Program Files\nodejs
37 error node -v v0.10.34
38 error npm -v 1.4.28
39 error code E404
40 verbose exit [ 1, true ]
